
[47;30m[2019-03-16 16:33][0m client[NO.777] say:someThings Wrong No such file or directory

[47;30m[2019-03-16 16:33][0m client[NO.915] say:someThings Wrong No such file or directory

[47;30m[2019-03-16 16:33][0m client[NO.793] say:someThings Wrong No such file or directory

[47;30m[2019-03-16 16:33][0m client[NO.335] say:someThings Wrong No such file or directory

[47;30m[2019-03-16 16:33][0m client[NO.649] say:someThings Wrong No such file or directory

[47;30m[2019-03-16 16:33][0m client[NO.421] say:someThings Wrong No such file or directory

[47;30m[2019-03-16 16:33][0m client[NO.362] say:someThings Wrong No such file or directory

[47;30m[2019-03-16 16:33][0m client[NO.27] say:someThings Wrong No such file or directory

[47;30m[2019-03-16 16:38][0m client[NO.777] say:someThings Wrong No such file or directory

[47;30m[2019-03-16 16:38][0m client[NO.915] say:someThings Wrong No such file or directory

[47;30m[2019-03-16 16:38][0m client[NO.793] say:someThings Wrong No such file or directory

[47;30m[2019-03-16 16:38][0m client[NO.335] say:someThings Wrong No such file or directory

[47;30m[2019-03-16 16:38][0m client[NO.649] say:someThings Wrong No such file or directory

[47;30m[2019-03-16 16:38][0m client[NO.421] say:someThings Wrong No such file or directory

[47;30m[2019-03-16 16:38][0m client[NO.362] say:someThings Wrong No such file or directory

[47;30m[2019-03-16 16:38][0m client[NO.27] say:someThings Wrong No such file or directory

[47;30m[2019-03-16 16:42][0m client[NO.777] say:someThings Wrong No such file or directory

[47;30m[2019-03-16 16:42][0m client[NO.915] say:someThings Wrong No such file or directory

[47;30m[2019-03-16 16:42][0m client[NO.793] say:someThings Wrong No such file or directory

[47;30m[2019-03-16 16:42][0m client[NO.335] say:someThings Wrong No such file or directory

[47;30m[2019-03-16 16:44][0m client[NO.777] say:someThings Wrong No such file or directory

[47;30m[2019-03-16 16:44][0m client[NO.915] say:someThings Wrong No such file or directory

[47;30m[2019-03-16 16:44][0m client[NO.793] say:someThings Wrong No such file or directory

[47;30m[2019-03-16 16:44][0m client[NO.335] say:someThings Wrong No such file or directory

[47;30m[2019-03-16 16:47][0m client[NO.777] say:someThings Wrong No such file or directory

[47;30m[2019-03-16 16:47][0m client[NO.915] say:someThings Wrong No such file or directory

[47;30m[2019-03-16 16:47][0m client[NO.793] say:someThings Wrong No such file or directory

[47;30m[2019-03-16 16:47][0m client[NO.335] say:someThings Wrong No such file or directory

[47;30m[2019-03-16 16:50][0m client[NO.777] say:someThings Wrong No such file or directory

[47;30m[2019-03-16 16:50][0m client[NO.915] say:someThings Wrong No such file or directory

[47;30m[2019-03-16 16:50][0m client[NO.793] say:someThings Wrong No such file or directory

[47;30m[2019-03-16 16:50][0m client[NO.335] say:someThings Wrong No such file or directory

[47;30m[2019-03-16 16:50][0m client[NO.649] say:someThings Wrong No such file or directory

[47;30m[2019-03-16 16:50][0m client[NO.421] say:someThings Wrong No such file or directory

[47;30m[2019-03-16 16:50][0m client[NO.362] say:someThings Wrong No such file or directory

[47;30m[2019-03-16 16:50][0m client[NO.27] say:someThings Wrong No such file or directory

[47;30m[2019-03-16 16:50][0m client[NO.763] say:someThings Wrong No such file or directory

[47;30m[2019-03-16 16:50][0m client[NO.926] say:someThings Wrong No such file or directory

[47;30m[2019-03-16 16:50][0m client[NO.540] say:someThings Wrong No such file or directory

[47;30m[2019-03-16 16:50][0m client[NO.426] say:someThings Wrong No such file or directory

[47;30m[2019-03-16 16:51][0m client[NO.777] say:someThings Wrong No such file or directory

[47;30m[2019-03-16 16:51][0m client[NO.915] say:someThings Wrong No such file or directory

[47;30m[2019-03-16 16:51][0m client[NO.793] say:someThings Wrong No such file or directory

[47;30m[2019-03-16 16:51][0m client[NO.335] say:someThings Wrong No such file or directory

[47;30m[2019-03-16 16:52][0m client[NO.649] say:someThings Wrong No such file or directory

[47;30m[2019-03-16 16:52][0m client[NO.421] say:someThings Wrong No such file or directory

[47;30m[2019-03-16 16:52][0m client[NO.362] say:someThings Wrong No such file or directory

[47;30m[2019-03-16 16:52][0m client[NO.27] say:someThings Wrong No such file or directory

[47;30m[2019-03-16 16:52][0m client[NO.763] say:someThings Wrong No such file or directory

[47;30m[2019-03-16 16:52][0m client[NO.926] say:someThings Wrong No such file or directory

[47;30m[2019-03-16 16:52][0m client[NO.540] say:someThings Wrong No such file or directory

[47;30m[2019-03-16 16:52][0m client[NO.426] say:someThings Wrong No such file or directory

[47;30m[2019-03-16 16:52][0m client[NO.211] say:someThings Wrong No such file or directory

[47;30m[2019-03-16 16:52][0m client[NO.368] say:someThings Wrong No such file or directory

[47;30m[2019-03-16 16:52][0m client[NO.567] say:someThings Wrong No such file or directory

[47;30m[2019-03-16 16:52][0m client[NO.429] say:someThings Wrong No such file or directory

[47;30m[2019-03-16 16:56][0m client[NO.777] say:someThings Wrong No such file or directory

[47;30m[2019-03-16 16:56][0m client[NO.915] say:someThings Wrong No such file or directory

[47;30m[2019-03-16 16:56][0m client[NO.793] say:someThings Wrong No such file or directory

[47;30m[2019-03-16 16:56][0m client[NO.335] say:someThings Wrong No such file or directory

[47;30m[2019-03-16 16:56][0m client[NO.649] say:someThings Wrong No such file or directory

[47;30m[2019-03-16 16:56][0m client[NO.421] say:someThings Wrong No such file or directory

[47;30m[2019-03-16 16:56][0m client[NO.362] say:someThings Wrong No such file or directory

[47;30m[2019-03-16 16:56][0m client[NO.27] say:someThings Wrong No such file or directory

[47;30m[2019-03-16 16:56][0m client[NO.763] say:someThings Wrong No such file or directory

[47;30m[2019-03-16 16:56][0m client[NO.926] say:someThings Wrong No such file or directory

[47;30m[2019-03-16 16:56][0m client[NO.540] say:someThings Wrong No such file or directory

[47;30m[2019-03-16 16:56][0m client[NO.426] say:someThings Wrong No such file or directory

[47;30m[2019-03-16 17:00][0m client[NO.777] say:someThings Wrong No such file or directory

[47;30m[2019-03-16 17:00][0m client[NO.915] say:someThings Wrong No such file or directory

[47;30m[2019-03-16 17:00][0m client[NO.793] say:someThings Wrong No such file or directory

[47;30m[2019-03-16 17:00][0m client[NO.335] say:someThings Wrong No such file or directory

[47;30m[2019-03-16 17:01][0m client[NO.649] say:someThings Wrong No such file or directory

[47;30m[2019-03-16 17:01][0m client[NO.421] say:someThings Wrong No such file or directory

[47;30m[2019-03-16 17:01][0m client[NO.362] say:someThings Wrong No such file or directory

[47;30m[2019-03-16 17:01][0m client[NO.27] say:someThings Wrong No such file or directory

[47;30m[2019-03-16 17:01][0m client[NO.763] say:someThings Wrong No such file or directory

[47;30m[2019-03-16 17:01][0m client[NO.926] say:someThings Wrong No such file or directory

[47;30m[2019-03-16 17:01][0m client[NO.540] say:someThings Wrong No such file or directory

[47;30m[2019-03-16 17:01][0m client[NO.426] say:someThings Wrong No such file or directory

[47;30m[2019-03-16 17:48][0m client[NO.915] say:someThings Wrong No such file or directory

[47;30m[2019-03-16 17:48][0m client[NO.421] say:someThings Wrong No such file or directory

[47;30m[2019-03-16 17:48][0m client[NO.926] say:someThings Wrong No such file or directory

[47;30m[2019-03-16 17:48][0m client[NO.368] say:someThings Wrong No such file or directory

[47;30m[2019-03-16 17:48][0m client[NO.123] say:someThings Wrong No such file or directory

[47;30m[2019-03-16 17:48][0m client[NO.58] say:someThings Wrong No such file or directory

[47;30m[2019-03-16 17:48][0m client[NO.42] say:someThings Wrong No such file or directory

[47;30m[2019-03-16 17:48][0m client[NO.537] say:someThings Wrong No such file or directory

[47;30m[2019-03-16 17:48][0m client[NO.526] say:someThings Wrong No such file or directory

[47;30m[2019-03-16 17:48][0m client[NO.170] say:someThings Wrong No such file or directory

[47;30m[2019-03-16 17:48][0m client[NO.327] say:someThings Wrong No such file or directory

[47;30m[2019-03-16 17:48][0m client[NO.857] say:someThings Wrong No such file or directory

[47;30m[2019-03-16 17:48][0m client[NO.367] say:someThings Wrong No such file or directory

[47;30m[2019-03-16 17:48][0m client[NO.808] say:someThings Wrong No such file or directory

[47;30m[2019-03-16 17:48][0m client[NO.651] say:someThings Wrong No such file or directory

[47;30m[2019-03-16 17:48][0m client[NO.368] say:someThings Wrong No such file or directory

[47;30m[2019-03-16 17:48][0m client[NO.539] say:someThings Wrong No such file or directory

[47;30m[2019-03-16 17:49][0m client[NO.601] say:someThings Wrong No such file or directory

[47;30m[2019-03-16 17:49][0m client[NO.756] say:someThings Wrong No such file or directory

[47;30m[2019-03-16 17:49][0m client[NO.689] say:someThings Wrong No such file or directory

[47;30m[2019-03-16 17:49][0m client[NO.117] say:someThings Wrong No such file or directory

[47;30m[2019-03-16 17:49][0m client[NO.927] say:someThings Wrong No such file or directory

[47;30m[2019-03-16 17:49][0m client[NO.965] say:someThings Wrong No such file or directory

[47;30m[2019-03-16 17:49][0m client[NO.871] say:someThings Wrong No such file or directory

[47;30m[2019-03-16 17:49][0m client[NO.368] say:someThings Wrong No such file or directory

[47;30m[2019-03-16 17:49][0m client[NO.723] say:someThings Wrong No such file or directory

[47;30m[2019-03-16 17:49][0m client[NO.555] say:someThings Wrong No such file or directory

[47;30m[2019-03-16 17:49][0m client[NO.350] say:someThings Wrong No such file or directory

[47;30m[2019-03-16 17:49][0m client[NO.914] say:someThings Wrong No such file or directory

[47;30m[2019-03-16 17:49][0m client[NO.365] say:someThings Wrong No such file or directory

[47;30m[2019-03-16 17:49][0m client[NO.228] say:someThings Wrong No such file or directory

[47;30m[2019-03-16 17:49][0m client[NO.395] say:someThings Wrong No such file or directory

[47;30m[2019-03-16 17:49][0m client[NO.428] say:someThings Wrong No such file or directory

[47;30m[2019-03-16 17:49][0m client[NO.404] say:someThings Wrong No such file or directory

[47;30m[2019-03-16 17:49][0m client[NO.840] say:someThings Wrong No such file or directory

[47;30m[2019-03-16 17:49][0m client[NO.917] say:someThings Wrong No such file or directory

[47;30m[2019-03-16 17:49][0m client[NO.183] say:someThings Wrong No such file or directory

[47;30m[2019-03-16 17:49][0m client[NO.590] say:someThings Wrong No such file or directory

[47;30m[2019-03-16 17:49][0m client[NO.82] say:someThings Wrong No such file or directory

[47;30m[2019-03-16 17:49][0m client[NO.804] say:someThings Wrong No such file or directory

[47;30m[2019-03-16 17:49][0m client[NO.343] say:someThings Wrong No such file or directory

[47;30m[2019-03-16 17:49][0m client[NO.810] say:someThings Wrong No such file or directory

[47;30m[2019-03-16 17:49][0m client[NO.305] say:someThings Wrong No such file or directory

[47;30m[2019-03-16 17:52][0m client[NO.383] say:someThings Wrong No such file or directory

[47;30m[2019-03-16 17:52][0m client[NO.886] say:someThings Wrong No such file or directory

[47;30m[2019-03-16 17:52][0m client[NO.777] say:someThings Wrong No such file or directory

[47;30m[2019-03-16 17:52][0m client[NO.915] say:someThings Wrong No such file or directory

[47;30m[2019-03-16 17:52][0m client[NO.793] say:someThings Wrong No such file or directory

[47;30m[2019-03-16 17:52][0m client[NO.335] say:someThings Wrong No such file or directory

[47;30m[2019-03-16 17:52][0m client[NO.386] say:someThings Wrong No such file or directory

[47;30m[2019-03-16 17:52][0m client[NO.492] say:someThings Wrong No such file or directory

[47;30m[2019-03-16 17:52][0m client[NO.649] say:someThings Wrong No such file or directory

[47;30m[2019-03-16 17:52][0m client[NO.421] say:someThings Wrong No such file or directory

[47;30m[2019-03-16 17:52][0m client[NO.362] say:someThings Wrong No such file or directory

[47;30m[2019-03-16 17:52][0m client[NO.27] say:someThings Wrong No such file or directory

[47;30m[2019-03-16 17:52][0m client[NO.690] say:someThings Wrong No such file or directory

[47;30m[2019-03-16 17:52][0m client[NO.59] say:someThings Wrong No such file or directory

[47;30m[2019-03-16 17:52][0m client[NO.763] say:someThings Wrong No such file or directory

[47;30m[2019-03-16 17:52][0m client[NO.926] say:someThings Wrong No such file or directory

[47;30m[2019-03-16 17:52][0m client[NO.540] say:someThings Wrong No such file or directory

[47;30m[2019-03-16 17:52][0m client[NO.426] say:someThings Wrong No such file or directory

[47;30m[2019-03-16 17:52][0m client[NO.172] say:someThings Wrong No such file or directory

[47;30m[2019-03-16 17:52][0m client[NO.736] say:someThings Wrong No such file or directory

[47;30m[2019-03-16 17:52][0m client[NO.211] say:someThings Wrong No such file or directory

[47;30m[2019-03-16 17:52][0m client[NO.368] say:someThings Wrong No such file or directory

[47;30m[2019-03-16 17:52][0m client[NO.567] say:someThings Wrong No such file or directory

[47;30m[2019-03-16 17:52][0m client[NO.429] say:someThings Wrong No such file or directory

[47;30m[2019-03-16 17:52][0m client[NO.782] say:someThings Wrong No such file or directory

[47;30m[2019-03-16 17:52][0m client[NO.530] say:someThings Wrong No such file or directory

[47;30m[2019-03-16 17:52][0m client[NO.862] say:someThings Wrong No such file or directory

[47;30m[2019-03-16 17:52][0m client[NO.123] say:someThings Wrong No such file or directory

[47;30m[2019-03-16 17:52][0m client[NO.67] say:someThings Wrong No such file or directory

[47;30m[2019-03-16 17:52][0m client[NO.135] say:someThings Wrong No such file or directory

[47;30m[2019-03-16 17:52][0m client[NO.929] say:someThings Wrong No such file or directory

[47;30m[2019-03-16 17:52][0m client[NO.802] say:someThings Wrong No such file or directory

[47;30m[2019-03-16 17:52][0m client[NO.22] say:someThings Wrong No such file or directory

[47;30m[2019-03-16 17:52][0m client[NO.58] say:someThings Wrong No such file or directory

[47;30m[2019-03-16 17:52][0m client[NO.69] say:someThings Wrong No such file or directory

[47;30m[2019-03-16 17:52][0m client[NO.167] say:someThings Wrong No such file or directory

[47;30m[2019-03-16 17:52][0m client[NO.393] say:someThings Wrong No such file or directory

[47;30m[2019-03-16 17:52][0m client[NO.456] say:someThings Wrong No such file or directory

[47;30m[2019-03-16 17:52][0m client[NO.11] say:someThings Wrong No such file or directory

[47;30m[2019-03-16 17:52][0m client[NO.42] say:someThings Wrong No such file or directory

[47;30m[2019-03-16 17:52][0m client[NO.229] say:someThings Wrong No such file or directory

[47;30m[2019-03-16 17:52][0m client[NO.373] say:someThings Wrong No such file or directory

[47;30m[2019-03-16 17:52][0m client[NO.421] say:someThings Wrong No such file or directory

[47;30m[2019-03-16 17:52][0m client[NO.919] say:someThings Wrong No such file or directory

[47;30m[2019-03-16 17:52][0m client[NO.784] say:someThings Wrong No such file or directory

[47;30m[2019-03-16 17:52][0m client[NO.537] say:someThings Wrong No such file or directory

[47;30m[2019-03-16 17:52][0m client[NO.198] say:someThings Wrong No such file or directory

[47;30m[2019-03-16 17:52][0m client[NO.324] say:someThings Wrong No such file or directory

[47;30m[2019-03-16 17:52][0m client[NO.315] say:someThings Wrong No such file or directory

[47;30m[2019-03-16 17:52][0m client[NO.370] say:someThings Wrong No such file or directory

[47;30m[2019-03-16 17:52][0m client[NO.413] say:someThings Wrong No such file or directory

[47;30m[2019-03-16 17:52][0m client[NO.526] say:someThings Wrong No such file or directory

[47;30m[2019-03-16 17:52][0m client[NO.91] say:someThings Wrong No such file or directory

[47;30m[2019-03-16 17:52][0m client[NO.980] say:someThings Wrong No such file or directory

[47;30m[2019-03-16 17:52][0m client[NO.956] say:someThings Wrong No such file or directory

[47;30m[2019-03-16 17:52][0m client[NO.873] say:someThings Wrong No such file or directory

[47;30m[2019-03-16 17:52][0m client[NO.862] say:someThings Wrong No such file or directory

[47;30m[2019-03-16 17:52][0m client[NO.170] say:someThings Wrong No such file or directory

[47;30m[2019-03-16 17:52][0m client[NO.996] say:someThings Wrong No such file or directory

[47;30m[2019-03-16 17:52][0m client[NO.281] say:someThings Wrong No such file or directory

[47;30m[2019-03-16 17:52][0m client[NO.305] say:someThings Wrong No such file or directory

[47;30m[2019-03-16 17:52][0m client[NO.925] say:someThings Wrong No such file or directory

[47;30m[2019-03-16 17:52][0m client[NO.84] say:someThings Wrong No such file or directory

[47;30m[2019-03-16 17:52][0m client[NO.327] say:someThings Wrong No such file or directory

[47;30m[2019-03-16 17:52][0m client[NO.336] say:someThings Wrong No such file or directory

[47;30m[2019-03-16 17:52][0m client[NO.505] say:someThings Wrong No such file or directory

[47;30m[2019-03-16 17:52][0m client[NO.846] say:someThings Wrong No such file or directory

[47;30m[2019-03-16 17:52][0m client[NO.729] say:someThings Wrong No such file or directory

[47;30m[2019-03-16 17:52][0m client[NO.313] say:someThings Wrong No such file or directory

[47;30m[2019-03-16 17:52][0m client[NO.857] say:someThings Wrong No such file or directory

[47;30m[2019-03-16 17:52][0m client[NO.124] say:someThings Wrong No such file or directory

[47;30m[2019-03-16 17:52][0m client[NO.895] say:someThings Wrong No such file or directory

[47;30m[2019-03-16 17:52][0m client[NO.582] say:someThings Wrong No such file or directory

[47;30m[2019-03-16 17:52][0m client[NO.545] say:someThings Wrong No such file or directory

[47;30m[2019-03-16 17:52][0m client[NO.814] say:someThings Wrong No such file or directory

[47;30m[2019-03-16 17:52][0m client[NO.367] say:someThings Wrong No such file or directory

[47;30m[2019-03-16 17:52][0m client[NO.434] say:someThings Wrong No such file or directory

[47;30m[2019-03-16 17:52][0m client[NO.364] say:someThings Wrong No such file or directory

[47;30m[2019-03-16 17:52][0m client[NO.43] say:someThings Wrong No such file or directory

[47;30m[2019-03-16 17:52][0m client[NO.750] say:someThings Wrong No such file or directory

[47;30m[2019-03-16 17:52][0m client[NO.87] say:someThings Wrong No such file or directory

[47;30m[2019-03-16 17:52][0m client[NO.808] say:someThings Wrong No such file or directory

[47;30m[2019-03-16 17:52][0m client[NO.276] say:someThings Wrong No such file or directory

[47;30m[2019-03-16 17:52][0m client[NO.178] say:someThings Wrong No such file or directory

[47;30m[2019-03-16 17:52][0m client[NO.788] say:someThings Wrong No such file or directory

[47;30m[2019-03-16 17:52][0m client[NO.584] say:someThings Wrong No such file or directory

[47;30m[2019-03-16 17:52][0m client[NO.403] say:someThings Wrong No such file or directory

[47;30m[2019-03-16 17:52][0m client[NO.651] say:someThings Wrong No such file or directory

[47;30m[2019-03-16 17:52][0m client[NO.754] say:someThings Wrong No such file or directory

[47;30m[2019-03-16 17:52][0m client[NO.399] say:someThings Wrong No such file or directory

[47;30m[2019-03-16 17:52][0m client[NO.932] say:someThings Wrong No such file or directory

[47;30m[2019-03-16 17:52][0m client[NO.60] say:someThings Wrong No such file or directory

[47;30m[2019-03-16 17:52][0m client[NO.676] say:someThings Wrong No such file or directory

[47;30m[2019-03-16 17:52][0m client[NO.368] say:someThings Wrong No such file or directory

[47;30m[2019-03-16 17:52][0m client[NO.739] say:someThings Wrong No such file or directory

[47;30m[2019-03-16 17:52][0m client[NO.12] say:someThings Wrong No such file or directory

[47;30m[2019-03-16 17:52][0m client[NO.226] say:someThings Wrong No such file or directory

[47;30m[2019-03-16 17:52][0m client[NO.586] say:someThings Wrong No such file or directory

[47;30m[2019-03-16 17:52][0m client[NO.94] say:someThings Wrong No such file or directory

[47;30m[2019-03-16 17:52][0m client[NO.539] say:someThings Wrong No such file or directory

[47;30m[2019-03-16 17:52][0m client[NO.795] say:someThings Wrong No such file or directory

[47;30m[2019-03-16 17:52][0m client[NO.570] say:someThings Wrong No such file or directory

[47;30m[2019-03-16 17:52][0m client[NO.434] say:someThings Wrong No such file or directory

[47;30m[2019-03-16 17:52][0m client[NO.378] say:someThings Wrong No such file or directory

[47;30m[2019-03-16 17:52][0m client[NO.467] say:someThings Wrong No such file or directory

[47;30m[2019-03-16 17:52][0m client[NO.601] say:someThings Wrong No such file or directory

[47;30m[2019-03-16 17:52][0m client[NO.97] say:someThings Wrong No such file or directory

[47;30m[2019-03-16 17:52][0m client[NO.902] say:someThings Wrong No such file or directory

[47;30m[2019-03-16 17:52][0m client[NO.317] say:someThings Wrong No such file or directory

[47;30m[2019-03-16 17:52][0m client[NO.492] say:someThings Wrong No such file or directory

[47;30m[2019-03-16 17:52][0m client[NO.652] say:someThings Wrong No such file or directory

[47;30m[2019-03-16 17:52][0m client[NO.756] say:someThings Wrong No such file or directory

[47;30m[2019-03-16 17:52][0m client[NO.301] say:someThings Wrong No such file or directory

[47;30m[2019-03-16 17:52][0m client[NO.280] say:someThings Wrong No such file or directory

[47;30m[2019-03-16 17:53][0m client[NO.286] say:someThings Wrong No such file or directory

[47;30m[2019-03-16 17:53][0m client[NO.441] say:someThings Wrong No such file or directory

[47;30m[2019-03-16 17:53][0m client[NO.865] say:someThings Wrong No such file or directory

[47;30m[2019-03-16 17:53][0m client[NO.689] say:someThings Wrong No such file or directory

[47;30m[2019-03-16 17:53][0m client[NO.444] say:someThings Wrong No such file or directory

[47;30m[2019-03-16 17:53][0m client[NO.619] say:someThings Wrong No such file or directory

[47;30m[2019-03-16 17:53][0m client[NO.440] say:someThings Wrong No such file or directory

[47;30m[2019-03-16 17:53][0m client[NO.729] say:someThings Wrong No such file or directory

[47;30m[2019-03-16 17:53][0m client[NO.31] say:someThings Wrong No such file or directory

[47;30m[2019-03-16 17:53][0m client[NO.117] say:someThings Wrong No such file or directory

[47;30m[2019-03-16 17:53][0m client[NO.97] say:someThings Wrong No such file or directory

[47;30m[2019-03-16 17:53][0m client[NO.771] say:someThings Wrong No such file or directory

[47;30m[2019-03-16 17:53][0m client[NO.481] say:someThings Wrong No such file or directory

[47;30m[2019-03-16 17:53][0m client[NO.709] say:someThings Wrong No such file or directory

[47;30m[2019-03-16 17:53][0m client[NO.927] say:someThings Wrong No such file or directory

[47;30m[2019-03-16 17:53][0m client[NO.567] say:someThings Wrong No such file or directory

[47;30m[2019-03-16 17:53][0m client[NO.856] say:someThings Wrong No such file or directory

[47;30m[2019-03-16 17:53][0m client[NO.497] say:someThings Wrong No such file or directory

[47;30m[2019-03-16 17:53][0m client[NO.586] say:someThings Wrong No such file or directory

[47;30m[2019-03-16 17:53][0m client[NO.965] say:someThings Wrong No such file or directory

[47;30m[2019-03-16 17:53][0m client[NO.306] say:someThings Wrong No such file or directory

[47;30m[2019-03-16 17:53][0m client[NO.683] say:someThings Wrong No such file or directory

[47;30m[2019-03-16 17:53][0m client[NO.219] say:someThings Wrong No such file or directory

[47;30m[2019-03-16 17:53][0m client[NO.528] say:someThings Wrong No such file or directory

[47;30m[2019-03-16 17:53][0m client[NO.871] say:someThings Wrong No such file or directory

[47;30m[2019-03-16 17:53][0m client[NO.732] say:someThings Wrong No such file or directory

[47;30m[2019-03-16 17:53][0m client[NO.829] say:someThings Wrong No such file or directory

[47;30m[2019-03-16 17:53][0m client[NO.270] say:someThings Wrong No such file or directory

[47;30m[2019-03-16 17:53][0m client[NO.368] say:someThings Wrong No such file or directory

[47;30m[2019-03-16 17:53][0m client[NO.708] say:someThings Wrong No such file or directory

[47;30m[2019-03-16 17:53][0m client[NO.715] say:someThings Wrong No such file or directory

[47;30m[2019-03-16 17:53][0m client[NO.796] say:someThings Wrong No such file or directory

[47;30m[2019-03-16 17:53][0m client[NO.723] say:someThings Wrong No such file or directory

[47;30m[2019-03-16 17:53][0m client[NO.618] say:someThings Wrong No such file or directory

[47;30m[2019-03-16 17:53][0m client[NO.245] say:someThings Wrong No such file or directory

[47;30m[2019-03-16 17:54][0m client[NO.777] say:someThings Wrong No such file or directory

[47;30m[2019-03-16 17:54][0m Master say:Users.sh
[47;30m[2019-03-16 17:54][0m Master say:ProcLog.sh
[47;30m[2019-03-16 17:54][0m Master say:SysInfo.sh
[47;30m[2019-03-16 17:58][0m client[NO.777] say:someThings Wrong No such file or directory

[47;30m[2019-03-16 17:58][0m client[NO.915] say:someThings Wrong No such file or directory

[47;30m[2019-03-16 17:58][0m client[NO.793] say:someThings Wrong No such file or directory

[47;30m[2019-03-16 17:58][0m client[NO.335] say:someThings Wrong No such file or directory

[47;30m[2019-03-16 17:58][0m client[NO.649] say:someThings Wrong No such file or directory

[47;30m[2019-03-16 17:58][0m client[NO.421] say:someThings Wrong No such file or directory

[47;30m[2019-03-16 17:58][0m client[NO.362] say:someThings Wrong No such file or directory

[47;30m[2019-03-16 17:58][0m client[NO.27] say:someThings Wrong No such file or directory

[47;30m[2019-03-16 17:58][0m client[NO.763] say:someThings Wrong No such file or directory

[47;30m[2019-03-16 17:58][0m client[NO.926] say:someThings Wrong No such file or directory

[47;30m[2019-03-16 17:58][0m client[NO.540] say:someThings Wrong No such file or directory

[47;30m[2019-03-16 17:58][0m client[NO.426] say:someThings Wrong No such file or directory

[47;30m[2019-03-16 17:58][0m client[NO.211] say:someThings Wrong No such file or directory

[47;30m[2019-03-16 17:58][0m client[NO.368] say:someThings Wrong No such file or directory

[47;30m[2019-03-16 17:58][0m client[NO.567] say:someThings Wrong No such file or directory

[47;30m[2019-03-16 17:58][0m client[NO.429] say:someThings Wrong No such file or directory

[47;30m[2019-03-16 17:58][0m client[NO.862] say:someThings Wrong No such file or directory

[47;30m[2019-03-16 17:58][0m client[NO.123] say:someThings Wrong No such file or directory

[47;30m[2019-03-16 17:58][0m client[NO.67] say:someThings Wrong No such file or directory

[47;30m[2019-03-16 17:58][0m client[NO.135] say:someThings Wrong No such file or directory

[47;30m[2019-03-16 17:58][0m client[NO.22] say:someThings Wrong No such file or directory

[47;30m[2019-03-16 17:58][0m client[NO.58] say:someThings Wrong No such file or directory

[47;30m[2019-03-16 17:58][0m client[NO.69] say:someThings Wrong No such file or directory

[47;30m[2019-03-16 17:58][0m client[NO.167] say:someThings Wrong No such file or directory

[47;30m[2019-03-16 17:58][0m client[NO.11] say:someThings Wrong No such file or directory

[47;30m[2019-03-16 17:58][0m client[NO.42] say:someThings Wrong No such file or directory

[47;30m[2019-03-16 17:58][0m client[NO.229] say:someThings Wrong No such file or directory

[47;30m[2019-03-16 17:58][0m client[NO.373] say:someThings Wrong No such file or directory

[47;30m[2019-03-16 17:58][0m client[NO.784] say:someThings Wrong No such file or directory

[47;30m[2019-03-16 17:58][0m client[NO.537] say:someThings Wrong No such file or directory

[47;30m[2019-03-16 17:58][0m client[NO.198] say:someThings Wrong No such file or directory

[47;30m[2019-03-16 17:58][0m client[NO.324] say:someThings Wrong No such file or directory

[47;30m[2019-03-16 17:58][0m client[NO.413] say:someThings Wrong No such file or directory

[47;30m[2019-03-16 17:58][0m client[NO.526] say:someThings Wrong No such file or directory

[47;30m[2019-03-16 17:58][0m client[NO.91] say:someThings Wrong No such file or directory

[47;30m[2019-03-16 17:58][0m client[NO.980] say:someThings Wrong No such file or directory

[47;30m[2019-03-16 17:58][0m client[NO.862] say:someThings Wrong No such file or directory

[47;30m[2019-03-16 17:58][0m client[NO.170] say:someThings Wrong No such file or directory

[47;30m[2019-03-16 17:58][0m client[NO.996] say:someThings Wrong No such file or directory

[47;30m[2019-03-16 17:58][0m client[NO.281] say:someThings Wrong No such file or directory

[47;30m[2019-03-16 17:58][0m client[NO.84] say:someThings Wrong No such file or directory

[47;30m[2019-03-16 17:58][0m client[NO.327] say:someThings Wrong No such file or directory

[47;30m[2019-03-16 17:58][0m client[NO.336] say:someThings Wrong No such file or directory

[47;30m[2019-03-16 17:58][0m client[NO.505] say:someThings Wrong No such file or directory

[47;30m[2019-03-16 17:58][0m client[NO.313] say:someThings Wrong No such file or directory

[47;30m[2019-03-16 17:58][0m client[NO.857] say:someThings Wrong No such file or directory

[47;30m[2019-03-16 17:58][0m client[NO.124] say:someThings Wrong No such file or directory

[47;30m[2019-03-16 17:58][0m client[NO.895] say:someThings Wrong No such file or directory

[47;30m[2019-03-16 17:58][0m client[NO.814] say:someThings Wrong No such file or directory

[47;30m[2019-03-16 17:58][0m client[NO.367] say:someThings Wrong No such file or directory

[47;30m[2019-03-16 17:58][0m client[NO.434] say:someThings Wrong No such file or directory

[47;30m[2019-03-16 17:58][0m client[NO.364] say:someThings Wrong No such file or directory

[47;30m[2019-03-16 17:58][0m client[NO.87] say:someThings Wrong No such file or directory

[47;30m[2019-03-16 17:58][0m client[NO.808] say:someThings Wrong No such file or directory

[47;30m[2019-03-16 17:58][0m client[NO.276] say:someThings Wrong No such file or directory

[47;30m[2019-03-16 17:58][0m client[NO.178] say:someThings Wrong No such file or directory

[47;30m[2019-03-16 17:58][0m client[NO.403] say:someThings Wrong No such file or directory

[47;30m[2019-03-16 17:58][0m client[NO.651] say:someThings Wrong No such file or directory

[47;30m[2019-03-16 17:58][0m client[NO.754] say:someThings Wrong No such file or directory

[47;30m[2019-03-16 17:58][0m client[NO.399] say:someThings Wrong No such file or directory

[47;30m[2019-03-16 17:58][0m client[NO.676] say:someThings Wrong No such file or directory

[47;30m[2019-03-16 17:58][0m client[NO.368] say:someThings Wrong No such file or directory

[47;30m[2019-03-16 17:58][0m client[NO.739] say:someThings Wrong No such file or directory

[47;30m[2019-03-16 17:58][0m client[NO.12] say:someThings Wrong No such file or directory

[47;30m[2019-03-16 17:58][0m client[NO.94] say:someThings Wrong No such file or directory

[47;30m[2019-03-16 17:58][0m client[NO.539] say:someThings Wrong No such file or directory

[47;30m[2019-03-16 17:58][0m client[NO.795] say:someThings Wrong No such file or directory

[47;30m[2019-03-16 17:58][0m client[NO.570] say:someThings Wrong No such file or directory

[47;30m[2019-03-16 17:58][0m client[NO.467] say:someThings Wrong No such file or directory

[47;30m[2019-03-16 17:58][0m client[NO.601] say:someThings Wrong No such file or directory

[47;30m[2019-03-16 17:58][0m client[NO.97] say:someThings Wrong No such file or directory

[47;30m[2019-03-16 17:58][0m client[NO.902] say:someThings Wrong No such file or directory

[47;30m[2019-03-16 17:59][0m client[NO.652] say:someThings Wrong No such file or directory

[47;30m[2019-03-16 17:59][0m client[NO.756] say:someThings Wrong No such file or directory

[47;30m[2019-03-16 17:59][0m client[NO.301] say:someThings Wrong No such file or directory

[47;30m[2019-03-16 17:59][0m client[NO.280] say:someThings Wrong No such file or directory

[47;30m[2019-03-16 17:59][0m client[NO.865] say:someThings Wrong No such file or directory

[47;30m[2019-03-16 17:59][0m client[NO.689] say:someThings Wrong No such file or directory

[47;30m[2019-03-16 17:59][0m client[NO.444] say:someThings Wrong No such file or directory

[47;30m[2019-03-16 17:59][0m client[NO.619] say:someThings Wrong No such file or directory

[47;30m[2019-03-16 17:59][0m client[NO.31] say:someThings Wrong No such file or directory

[47;30m[2019-03-16 17:59][0m client[NO.117] say:someThings Wrong No such file or directory

[47;30m[2019-03-16 17:59][0m client[NO.97] say:someThings Wrong No such file or directory

[47;30m[2019-03-16 17:59][0m client[NO.771] say:someThings Wrong No such file or directory

[47;30m[2019-03-16 17:59][0m client[NO.709] say:someThings Wrong No such file or directory

[47;30m[2019-03-16 17:59][0m client[NO.927] say:someThings Wrong No such file or directory

[47;30m[2019-03-16 17:59][0m client[NO.567] say:someThings Wrong No such file or directory

[47;30m[2019-03-16 17:59][0m client[NO.856] say:someThings Wrong No such file or directory

[47;30m[2019-03-16 17:59][0m client[NO.586] say:someThings Wrong No such file or directory

[47;30m[2019-03-16 17:59][0m client[NO.965] say:someThings Wrong No such file or directory

[47;30m[2019-03-16 17:59][0m client[NO.306] say:someThings Wrong No such file or directory

[47;30m[2019-03-16 17:59][0m client[NO.683] say:someThings Wrong No such file or directory

[47;30m[2019-03-16 17:59][0m client[NO.528] say:someThings Wrong No such file or directory

[47;30m[2019-03-16 17:59][0m client[NO.871] say:someThings Wrong No such file or directory

[47;30m[2019-03-16 17:59][0m client[NO.732] say:someThings Wrong No such file or directory

[47;30m[2019-03-16 17:59][0m client[NO.829] say:someThings Wrong No such file or directory

[47;30m[2019-03-16 17:59][0m client[NO.270] say:someThings Wrong No such file or directory

[47;30m[2019-03-16 17:59][0m client[NO.368] say:someThings Wrong No such file or directory

[47;30m[2019-03-16 17:59][0m client[NO.708] say:someThings Wrong No such file or directory

[47;30m[2019-03-16 17:59][0m client[NO.715] say:someThings Wrong No such file or directory

[47;30m[2019-03-16 17:59][0m client[NO.796] say:someThings Wrong No such file or directory

[47;30m[2019-03-16 17:59][0m client[NO.723] say:someThings Wrong No such file or directory

[47;30m[2019-03-16 17:59][0m client[NO.618] say:someThings Wrong No such file or directory

[47;30m[2019-03-16 17:59][0m client[NO.245] say:someThings Wrong No such file or directory

[47;30m[2019-03-16 18:16][0m client[NO.777] say:someThings Wrong No such file or directory

[47;30m[2019-03-16 18:16][0m client[NO.915] say:someThings Wrong No such file or directory

[47;30m[2019-03-16 18:16][0m client[NO.793] say:someThings Wrong No such file or directory

[47;30m[2019-03-16 18:16][0m client[NO.335] say:someThings Wrong No such file or directory

[47;30m[2019-03-16 18:16][0m client[NO.649] say:someThings Wrong No such file or directory

[47;30m[2019-03-16 18:16][0m client[NO.421] say:someThings Wrong No such file or directory

[47;30m[2019-03-16 18:16][0m client[NO.362] say:someThings Wrong No such file or directory

[47;30m[2019-03-16 18:16][0m client[NO.27] say:someThings Wrong No such file or directory

[47;30m[2019-03-16 18:16][0m client[NO.763] say:someThings Wrong No such file or directory

[47;30m[2019-03-16 18:16][0m client[NO.926] say:someThings Wrong No such file or directory

[47;30m[2019-03-16 18:16][0m client[NO.540] say:someThings Wrong No such file or directory

[47;30m[2019-03-16 18:16][0m client[NO.426] say:someThings Wrong No such file or directory

[47;30m[2019-03-16 18:16][0m client[NO.211] say:someThings Wrong No such file or directory

[47;30m[2019-03-16 18:16][0m client[NO.368] say:someThings Wrong No such file or directory

[47;30m[2019-03-16 18:16][0m client[NO.567] say:someThings Wrong No such file or directory

[47;30m[2019-03-16 18:16][0m client[NO.429] say:someThings Wrong No such file or directory

[47;30m[2019-03-16 18:16][0m client[NO.862] say:someThings Wrong No such file or directory

[47;30m[2019-03-16 18:16][0m client[NO.123] say:someThings Wrong No such file or directory

[47;30m[2019-03-16 18:16][0m client[NO.67] say:someThings Wrong No such file or directory

[47;30m[2019-03-16 18:16][0m client[NO.135] say:someThings Wrong No such file or directory

[47;30m[2019-03-16 18:16][0m client[NO.22] say:someThings Wrong No such file or directory

[47;30m[2019-03-16 18:16][0m client[NO.58] say:someThings Wrong No such file or directory

[47;30m[2019-03-16 18:16][0m client[NO.69] say:someThings Wrong No such file or directory

[47;30m[2019-03-16 18:16][0m client[NO.167] say:someThings Wrong No such file or directory

[47;30m[2019-03-16 18:16][0m client[NO.11] say:someThings Wrong No such file or directory

[47;30m[2019-03-16 18:16][0m client[NO.42] say:someThings Wrong No such file or directory

[47;30m[2019-03-16 18:16][0m client[NO.229] say:someThings Wrong No such file or directory

[47;30m[2019-03-16 18:16][0m client[NO.373] say:someThings Wrong No such file or directory

[47;30m[2019-03-16 18:16][0m client[NO.784] say:someThings Wrong No such file or directory

[47;30m[2019-03-16 18:16][0m client[NO.537] say:someThings Wrong No such file or directory

[47;30m[2019-03-16 18:16][0m client[NO.198] say:someThings Wrong No such file or directory

[47;30m[2019-03-16 18:16][0m client[NO.324] say:someThings Wrong No such file or directory

[47;30m[2019-03-16 18:16][0m client[NO.413] say:someThings Wrong No such file or directory

[47;30m[2019-03-16 18:16][0m client[NO.526] say:someThings Wrong No such file or directory

[47;30m[2019-03-16 18:16][0m client[NO.91] say:someThings Wrong No such file or directory

[47;30m[2019-03-16 18:16][0m client[NO.980] say:someThings Wrong No such file or directory

[47;30m[2019-03-16 18:16][0m client[NO.862] say:someThings Wrong No such file or directory

[47;30m[2019-03-16 18:16][0m client[NO.170] say:someThings Wrong No such file or directory

[47;30m[2019-03-16 18:16][0m client[NO.996] say:someThings Wrong No such file or directory

[47;30m[2019-03-16 18:16][0m client[NO.281] say:someThings Wrong No such file or directory

[47;30m[2019-03-16 18:16][0m client[NO.84] say:someThings Wrong No such file or directory

[47;30m[2019-03-16 18:16][0m client[NO.327] say:someThings Wrong No such file or directory

[47;30m[2019-03-16 18:16][0m client[NO.336] say:someThings Wrong No such file or directory

[47;30m[2019-03-16 18:16][0m client[NO.505] say:someThings Wrong No such file or directory

[47;30m[2019-03-16 18:16][0m client[NO.313] say:someThings Wrong No such file or directory

[47;30m[2019-03-16 18:16][0m client[NO.857] say:someThings Wrong No such file or directory

[47;30m[2019-03-16 18:16][0m client[NO.124] say:someThings Wrong No such file or directory

[47;30m[2019-03-16 18:16][0m client[NO.895] say:someThings Wrong No such file or directory

[47;30m[2019-03-16 18:16][0m client[NO.814] say:someThings Wrong No such file or directory

[47;30m[2019-03-16 18:16][0m client[NO.367] say:someThings Wrong No such file or directory

[47;30m[2019-03-16 18:16][0m client[NO.434] say:someThings Wrong No such file or directory

[47;30m[2019-03-16 18:16][0m client[NO.364] say:someThings Wrong No such file or directory

[47;30m[2019-03-16 18:16][0m client[NO.87] say:someThings Wrong No such file or directory

[47;30m[2019-03-16 18:16][0m client[NO.808] say:someThings Wrong No such file or directory

[47;30m[2019-03-16 18:16][0m client[NO.276] say:someThings Wrong No such file or directory

[47;30m[2019-03-16 18:16][0m client[NO.178] say:someThings Wrong No such file or directory

[47;30m[2019-03-16 18:16][0m client[NO.403] say:someThings Wrong No such file or directory

[47;30m[2019-03-16 18:16][0m client[NO.651] say:someThings Wrong No such file or directory

[47;30m[2019-03-16 18:16][0m client[NO.754] say:someThings Wrong No such file or directory

[47;30m[2019-03-16 18:16][0m client[NO.399] say:someThings Wrong No such file or directory

[47;30m[2019-03-16 18:16][0m client[NO.676] say:someThings Wrong No such file or directory

[47;30m[2019-03-16 18:16][0m client[NO.368] say:someThings Wrong No such file or directory

[47;30m[2019-03-16 18:16][0m client[NO.739] say:someThings Wrong No such file or directory

[47;30m[2019-03-16 18:16][0m client[NO.12] say:someThings Wrong No such file or directory

[47;30m[2019-03-16 18:16][0m client[NO.94] say:someThings Wrong No such file or directory

[47;30m[2019-03-16 18:16][0m client[NO.539] say:someThings Wrong No such file or directory

[47;30m[2019-03-16 18:16][0m client[NO.795] say:someThings Wrong No such file or directory

[47;30m[2019-03-16 18:16][0m client[NO.570] say:someThings Wrong No such file or directory

[47;30m[2019-03-16 18:16][0m client[NO.467] say:someThings Wrong No such file or directory

[47;30m[2019-03-16 18:16][0m client[NO.601] say:someThings Wrong No such file or directory

[47;30m[2019-03-16 18:16][0m client[NO.97] say:someThings Wrong No such file or directory

[47;30m[2019-03-16 18:16][0m client[NO.902] say:someThings Wrong No such file or directory

[47;30m[2019-03-16 18:16][0m client[NO.652] say:someThings Wrong No such file or directory

[47;30m[2019-03-16 18:16][0m client[NO.756] say:someThings Wrong No such file or directory

[47;30m[2019-03-16 18:16][0m client[NO.301] say:someThings Wrong No such file or directory

[47;30m[2019-03-16 18:16][0m client[NO.280] say:someThings Wrong No such file or directory

[47;30m[2019-03-16 18:16][0m client[NO.865] say:someThings Wrong No such file or directory

[47;30m[2019-03-16 18:16][0m client[NO.689] say:someThings Wrong No such file or directory

[47;30m[2019-03-16 18:16][0m client[NO.444] say:someThings Wrong No such file or directory

[47;30m[2019-03-16 18:16][0m client[NO.619] say:someThings Wrong No such file or directory

[47;30m[2019-03-16 18:16][0m client[NO.31] say:someThings Wrong No such file or directory

[47;30m[2019-03-16 18:16][0m client[NO.117] say:someThings Wrong No such file or directory

[47;30m[2019-03-16 18:16][0m client[NO.97] say:someThings Wrong No such file or directory

[47;30m[2019-03-16 18:16][0m client[NO.771] say:someThings Wrong No such file or directory

[47;30m[2019-03-16 18:16][0m client[NO.709] say:someThings Wrong No such file or directory

[47;30m[2019-03-16 18:16][0m client[NO.927] say:someThings Wrong No such file or directory

[47;30m[2019-03-16 18:16][0m client[NO.567] say:someThings Wrong No such file or directory

[47;30m[2019-03-16 18:16][0m client[NO.856] say:someThings Wrong No such file or directory

[47;30m[2019-03-16 18:16][0m client[NO.586] say:someThings Wrong No such file or directory

[47;30m[2019-03-16 18:16][0m client[NO.965] say:someThings Wrong No such file or directory

[47;30m[2019-03-16 18:16][0m client[NO.306] say:someThings Wrong No such file or directory

[47;30m[2019-03-16 18:16][0m client[NO.683] say:someThings Wrong No such file or directory

[47;30m[2019-03-16 18:16][0m client[NO.528] say:someThings Wrong No such file or directory

[47;30m[2019-03-16 18:16][0m client[NO.871] say:someThings Wrong No such file or directory

[47;30m[2019-03-16 18:16][0m client[NO.732] say:someThings Wrong No such file or directory

[47;30m[2019-03-16 18:16][0m client[NO.829] say:someThings Wrong No such file or directory

[47;30m[2019-03-16 18:16][0m client[NO.270] say:someThings Wrong No such file or directory

[47;30m[2019-03-16 18:16][0m client[NO.368] say:someThings Wrong No such file or directory

[47;30m[2019-03-16 18:16][0m client[NO.708] say:someThings Wrong No such file or directory

[47;30m[2019-03-16 18:16][0m client[NO.715] say:someThings Wrong No such file or directory

[47;30m[2019-03-16 18:16][0m client[NO.796] say:someThings Wrong No such file or directory

[47;30m[2019-03-16 18:16][0m client[NO.723] say:someThings Wrong No such file or directory

[47;30m[2019-03-16 18:16][0m client[NO.618] say:someThings Wrong No such file or directory

[47;30m[2019-03-16 18:16][0m client[NO.245] say:someThings Wrong No such file or directory

[47;30m[2019-03-16 18:16][0m client[NO.921] say:someThings Wrong No such file or directory

[47;30m[2019-03-16 18:16][0m client[NO.555] say:someThings Wrong No such file or directory

[47;30m[2019-03-16 18:16][0m client[NO.379] say:someThings Wrong No such file or directory

[47;30m[2019-03-16 18:16][0m client[NO.488] say:someThings Wrong No such file or directory

[47;30m[2019-03-16 18:17][0m client[NO.841] say:someThings Wrong No such file or directory

[47;30m[2019-03-16 18:17][0m client[NO.350] say:someThings Wrong No such file or directory

[47;30m[2019-03-16 18:17][0m client[NO.193] say:someThings Wrong No such file or directory

[47;30m[2019-03-16 18:17][0m client[NO.500] say:someThings Wrong No such file or directory

[47;30m[2019-03-16 18:17][0m client[NO.124] say:someThings Wrong No such file or directory

[47;30m[2019-03-16 18:17][0m client[NO.914] say:someThings Wrong No such file or directory

[47;30m[2019-03-16 18:17][0m client[NO.987] say:someThings Wrong No such file or directory

[47;30m[2019-03-16 18:17][0m client[NO.856] say:someThings Wrong No such file or directory

[47;30m[2019-03-16 18:17][0m client[NO.227] say:someThings Wrong No such file or directory

[47;30m[2019-03-16 18:17][0m client[NO.365] say:someThings Wrong No such file or directory

[47;30m[2019-03-16 18:17][0m client[NO.859] say:someThings Wrong No such file or directory

[47;30m[2019-03-16 18:17][0m client[NO.936] say:someThings Wrong No such file or directory

[47;30m[2019-03-16 18:17][0m client[NO.437] say:someThings Wrong No such file or directory

[47;30m[2019-03-16 18:17][0m client[NO.228] say:someThings Wrong No such file or directory

[47;30m[2019-03-16 18:17][0m client[NO.275] say:someThings Wrong No such file or directory

[47;30m[2019-03-16 18:17][0m client[NO.407] say:someThings Wrong No such file or directory

[47;30m[2019-03-16 18:17][0m client[NO.858] say:someThings Wrong No such file or directory

[47;30m[2019-03-16 18:17][0m client[NO.395] say:someThings Wrong No such file or directory

[47;30m[2019-03-16 18:17][0m client[NO.29] say:someThings Wrong No such file or directory

[47;30m[2019-03-16 18:17][0m client[NO.237] say:someThings Wrong No such file or directory

[47;30m[2019-03-16 18:17][0m client[NO.818] say:someThings Wrong No such file or directory

[47;30m[2019-03-16 18:17][0m client[NO.428] say:someThings Wrong No such file or directory

[47;30m[2019-03-16 18:17][0m client[NO.143] say:someThings Wrong No such file or directory

[47;30m[2019-03-16 18:17][0m client[NO.11] say:someThings Wrong No such file or directory

[47;30m[2019-03-16 18:17][0m client[NO.776] say:someThings Wrong No such file or directory

[47;30m[2019-03-16 18:17][0m client[NO.404] say:someThings Wrong No such file or directory

[47;30m[2019-03-16 18:17][0m client[NO.443] say:someThings Wrong No such file or directory

[47;30m[2019-03-16 18:17][0m client[NO.763] say:someThings Wrong No such file or directory

[47;30m[2019-03-16 18:17][0m client[NO.606] say:someThings Wrong No such file or directory

[47;30m[2019-03-16 18:17][0m client[NO.840] say:someThings Wrong No such file or directory

[47;30m[2019-03-16 18:17][0m client[NO.904] say:someThings Wrong No such file or directory

[47;30m[2019-03-16 18:17][0m client[NO.818] say:someThings Wrong No such file or directory

[47;30m[2019-03-16 18:17][0m client[NO.369] say:someThings Wrong No such file or directory

[47;30m[2019-03-16 18:17][0m client[NO.917] say:someThings Wrong No such file or directory

[47;30m[2019-03-16 18:17][0m client[NO.917] say:someThings Wrong No such file or directory

[47;30m[2019-03-16 18:17][0m client[NO.996] say:someThings Wrong No such file or directory

[47;30m[2019-03-16 18:17][0m client[NO.470] say:someThings Wrong No such file or directory

[47;30m[2019-03-16 18:17][0m client[NO.183] say:someThings Wrong No such file or directory

[47;30m[2019-03-16 18:17][0m client[NO.490] say:someThings Wrong No such file or directory

[47;30m[2019-03-16 18:17][0m client[NO.499] say:someThings Wrong No such file or directory

[47;30m[2019-03-16 18:17][0m client[NO.644] say:someThings Wrong No such file or directory

[47;30m[2019-03-16 18:17][0m client[NO.590] say:someThings Wrong No such file or directory

[47;30m[2019-03-16 18:17][0m client[NO.505] say:someThings Wrong No such file or directory

[47;30m[2019-03-16 18:17][0m client[NO.139] say:someThings Wrong No such file or directory

[47;30m[2019-03-16 18:17][0m client[NO.669] say:someThings Wrong No such file or directory

[47;30m[2019-03-16 18:17][0m client[NO.82] say:someThings Wrong No such file or directory

[47;30m[2019-03-16 18:17][0m client[NO.542] say:someThings Wrong No such file or directory

[47;30m[2019-03-16 18:17][0m client[NO.464] say:someThings Wrong No such file or directory

[47;30m[2019-03-16 18:17][0m client[NO.355] say:someThings Wrong No such file or directory

[47;30m[2019-03-16 18:17][0m client[NO.804] say:someThings Wrong No such file or directory

[47;30m[2019-03-16 18:17][0m client[NO.348] say:someThings Wrong No such file or directory

[47;30m[2019-03-16 18:17][0m client[NO.611] say:someThings Wrong No such file or directory

[47;30m[2019-03-16 18:17][0m client[NO.299] say:someThings Wrong No such file or directory

[47;30m[2019-03-16 18:17][0m client[NO.343] say:someThings Wrong No such file or directory

[47;30m[2019-03-16 18:17][0m client[NO.746] say:someThings Wrong No such file or directory

[47;30m[2019-03-16 18:17][0m client[NO.568] say:someThings Wrong No such file or directory

[47;30m[2019-03-16 18:17][0m client[NO.311] say:someThings Wrong No such file or directory

[47;30m[2019-03-16 18:17][0m client[NO.810] say:someThings Wrong No such file or directory

[47;30m[2019-03-16 18:17][0m client[NO.605] say:someThings Wrong No such file or directory

[47;30m[2019-03-16 18:17][0m client[NO.801] say:someThings Wrong No such file or directory

[47;30m[2019-03-16 18:17][0m client[NO.878] say:someThings Wrong No such file or directory

[47;30m[2019-03-16 18:17][0m client[NO.305] say:someThings Wrong No such file or directory

[47;30m[2019-03-16 18:17][0m client[NO.320] say:someThings Wrong No such file or directory

[47;30m[2019-03-16 18:17][0m client[NO.736] say:someThings Wrong No such file or directory

[47;30m[2019-03-16 18:17][0m client[NO.522] say:someThings Wrong No such file or directory

[47;30m[2019-03-16 18:17][0m client[NO.465] say:someThings Wrong No such file or directory

[47;30m[2019-03-16 18:17][0m client[NO.708] say:someThings Wrong No such file or directory

[47;30m[2019-03-16 18:17][0m client[NO.416] say:someThings Wrong No such file or directory

[47;30m[2019-03-16 18:17][0m client[NO.924] say:someThings Wrong No such file or directory

[47;30m[2019-03-16 18:17][0m client[NO.637] say:someThings Wrong No such file or directory

[47;30m[2019-03-16 18:17][0m client[NO.62] say:someThings Wrong No such file or directory

[47;30m[2019-03-16 18:17][0m client[NO.624] say:someThings Wrong No such file or directory

[47;30m[2019-03-16 18:17][0m client[NO.452] say:someThings Wrong No such file or directory

[47;30m[2019-03-16 18:17][0m client[NO.899] say:someThings Wrong No such file or directory

[47;30m[2019-03-16 18:17][0m client[NO.379] say:someThings Wrong No such file or directory

[47;30m[2019-03-16 18:17][0m client[NO.550] say:someThings Wrong No such file or directory

[47;30m[2019-03-16 18:17][0m client[NO.973] say:someThings Wrong No such file or directory

[47;30m[2019-03-16 18:17][0m client[NO.131] say:someThings Wrong No such file or directory

[47;30m[2019-03-16 18:17][0m client[NO.881] say:someThings Wrong No such file or directory

[47;30m[2019-03-16 18:17][0m client[NO.930] say:someThings Wrong No such file or directory

[47;30m[2019-03-16 18:17][0m client[NO.660] say:someThings Wrong No such file or directory

[47;30m[2019-03-16 18:17][0m client[NO.163] say:someThings Wrong No such file or directory

[47;30m[2019-03-16 18:17][0m client[NO.199] say:someThings Wrong No such file or directory

[47;30m[2019-03-16 18:17][0m client[NO.981] say:someThings Wrong No such file or directory

[47;30m[2019-03-16 18:17][0m client[NO.959] say:someThings Wrong No such file or directory

[47;30m[2019-03-16 18:17][0m client[NO.773] say:someThings Wrong No such file or directory

[47;30m[2019-03-16 18:17][0m client[NO.813] say:someThings Wrong No such file or directory

[47;30m[2019-03-16 18:17][0m client[NO.668] say:someThings Wrong No such file or directory

[47;30m[2019-03-16 20:46][0m Master say:ProcLog.sh
[47;30m[2019-03-16 20:46][0m Master say:SysInfo.sh
[47;30m[2019-03-17 20:15][0m Master say:SysInfo.sh
